SF:lib\application\pages\app_initializer\app_initializer_cubit.dart
DA:7,3
DA:9,1
DA:13,2
DA:15,1
DA:17,2
DA:19,2
LF:6
LH:6
end_of_record
SF:lib\application\pages\app_initializer\app_initializer_state.dart
DA:4,1
DA:5,1
LF:2
LH:2
end_of_record
SF:lib\application\navigation\breeds_flow\breeds_flow_cubit.dart
DA:10,1
DA:11,1
DA:12,1
DA:19,1
DA:20,1
DA:21,3
DA:28,1
DA:29,1
DA:30,3
DA:37,0
DA:38,0
DA:39,0
DA:41,0
DA:42,0
DA:43,0
DA:49,0
DA:50,0
DA:51,0
LF:18
LH:9
end_of_record
SF:lib\domain\entities\id.dart
DA:6,16
DA:8,9
DA:9,18
LF:3
LH:3
end_of_record
SF:lib\domain\entities\breed_info.dart
DA:7,7
DA:14,2
DA:22,4
DA:23,4
DA:24,4
DA:25,4
DA:26,4
DA:27,4
DA:28,4
DA:29,4
LF:10
LH:10
end_of_record
SF:lib\domain\entities\dog.dart
DA:10,8
DA:16,5
DA:17,20
LF:3
LH:3
end_of_record
SF:lib\domain\entities\dog_breed.dart
DA:5,10
DA:11,3
LF:2
LH:2
end_of_record
SF:lib\domain\entities\breed.dart
DA:11,16
DA:19,6
DA:20,36
LF:3
LH:3
end_of_record
SF:lib\application\pages\breeds\breeds_bloc.dart
DA:13,1
DA:16,1
DA:17,2
DA:18,2
DA:21,1
DA:25,1
DA:27,2
DA:29,1
DA:30,1
DA:31,2
DA:33,1
DA:34,3
LF:12
LH:12
end_of_record
SF:lib\application\pages\breeds\breeds_state.dart
DA:4,17
DA:6,1
DA:7,1
DA:11,15
DA:15,16
DA:21,2
DA:23,1
DA:24,2
DA:30,2
DA:32,1
DA:33,2
LF:11
LH:11
end_of_record
SF:lib\application\pages\breeds\breeds_event.dart
DA:4,0
DA:5,0
LF:2
LH:0
end_of_record
SF:lib\domain\error\failures.dart
DA:7,3
DA:8,3
DA:9,3
DA:11,1
DA:13,1
DA:21,3
DA:22,3
LF:7
LH:7
end_of_record
SF:lib\domain\repositories\breed_repository.dart
DA:16,1
DA:24,1
DA:26,2
DA:27,1
DA:30,0
DA:33,1
DA:34,2
DA:36,2
DA:38,1
DA:40,1
DA:41,1
DA:42,2
DA:45,2
DA:49,1
DA:50,1
LF:15
LH:14
end_of_record
SF:lib\data\client\api_client.dart
DA:20,1
DA:30,1
DA:35,2
DA:36,1
DA:37,1
DA:38,2
DA:41,2
DA:44,2
DA:45,2
DA:47,1
DA:49,1
LF:11
LH:11
end_of_record
SF:lib\data\client\api_result.dart
DA:6,4
DA:8,4
DA:11,4
DA:13,8
DA:14,4
DA:17,1
DA:18,2
LF:7
LH:7
end_of_record
SF:lib\data\datasources\breed_data_source.dart
DA:11,1
DA:13,1
DA:15,2
DA:17,1
DA:18,3
DA:19,1
LF:6
LH:6
end_of_record
SF:lib\data\models\breed_info_model.dart
DA:5,5
DA:12,2
DA:21,2
DA:22,2
DA:23,6
DA:24,2
DA:25,2
DA:26,2
DA:27,2
DA:28,4
LF:10
LH:10
end_of_record
SF:lib\domain\utils\network_info.dart
DA:6,1
DA:10,3
LF:2
LH:2
end_of_record
SF:lib\application\pages\dogs_by_breed\dogs_by_breed_state.dart
DA:4,8
DA:6,1
DA:7,1
DA:11,6
DA:15,7
DA:21,2
DA:23,1
DA:24,2
DA:30,2
DA:32,1
DA:33,2
LF:11
LH:11
end_of_record
SF:lib\application\pages\dogs_by_breed\dogs_by_breed_event.dart
DA:4,0
DA:5,0
DA:11,1
DA:13,0
DA:14,0
LF:5
LH:1
end_of_record
SF:lib\application\pages\dogs_by_breed\dogs_by_breed_bloc.dart
DA:16,1
DA:21,1
DA:22,2
DA:23,3
DA:26,1
DA:30,1
DA:32,3
DA:34,1
DA:35,1
DA:36,2
DA:38,1
DA:39,3
LF:12
LH:12
end_of_record
SF:lib\domain\repositories\dog_repository.dart
DA:19,1
DA:25,1
DA:27,2
DA:29,2
DA:31,1
DA:32,1
DA:33,2
DA:36,2
DA:40,1
DA:42,2
DA:44,2
DA:46,1
DA:47,1
DA:48,2
DA:49,1
DA:50,2
DA:53,2
LF:17
LH:17
end_of_record
SF:lib\data\datasources\dog_data_source.dart
DA:15,1
DA:17,1
DA:19,2
DA:21,1
DA:23,1
DA:27,1
DA:28,3
DA:29,1
DA:32,1
DA:34,2
DA:36,2
DA:37,3
DA:40,1
LF:13
LH:13
end_of_record
SF:lib\data\models\dog_model.dart
DA:7,5
DA:11,2
DA:17,2
DA:18,2
DA:19,6
DA:20,2
DA:21,2
DA:22,6
DA:23,2
LF:9
LH:9
end_of_record
SF:lib\data\models\dog_breed_model.dart
DA:5,7
DA:11,3
DA:19,3
DA:20,3
DA:21,9
DA:22,3
DA:23,3
DA:24,3
DA:25,3
LF:9
LH:9
end_of_record
SF:lib\application\pages\download_image\download_image_state.dart
DA:4,3
DA:6,1
DA:7,1
DA:11,3
DA:15,3
DA:19,3
DA:23,3
LF:7
LH:7
end_of_record
SF:lib\application\pages\download_image\download_image_cubit.dart
DA:10,1
DA:13,1
DA:15,1
DA:16,1
DA:18,2
DA:20,1
DA:21,1
DA:22,1
DA:24,1
DA:25,1
LF:10
LH:10
end_of_record
SF:lib\domain\repositories\url_downloader_repository.dart
DA:13,1
DA:17,1
DA:20,2
DA:23,1
DA:24,2
LF:5
LH:5
end_of_record
SF:lib\domain\utils\dog_image_downloader.dart
DA:4,0
DA:5,0
LF:2
LH:0
end_of_record
SF:lib\application\pages\random_dog\random_dog_state.dart
DA:4,3
DA:6,1
DA:7,1
DA:11,1
DA:15,2
DA:21,2
DA:23,1
DA:24,2
DA:30,2
DA:32,1
DA:33,2
LF:11
LH:11
end_of_record
SF:lib\application\pages\random_dog\random_dog_bloc.dart
DA:13,1
DA:16,1
DA:17,2
DA:18,2
DA:21,1
DA:25,1
DA:27,2
DA:29,1
DA:30,1
DA:31,2
DA:33,1
DA:34,3
LF:12
LH:12
end_of_record
SF:lib\application\pages\random_dog\random_dog_event.dart
DA:4,0
DA:5,0
LF:2
LH:0
end_of_record
